This is pdfTeX, Version 3.141592653-2.6-1.40.22 (TeX Live 2021) (preloaded format=pdflatex 2021.4.5)  9 SEP 2021 18:54
entering extended mode
 \write18 enabled.
 %&-line parsing enabled.
**\def\tikzexternalrealjob{main}\input{main}
(./main.tex (/usr/local/texlive/2021basic/texmf-dist/tex/latex/base/article.cls
Document Class: article 2020/04/10 v1.4m Standard LaTeX document class
(/usr/local/texlive/2021basic/texmf-dist/tex/latex/base/size12.clo
File: size12.clo 2020/04/10 v1.4m Standard LaTeX file (size option)
)
\c@part=\count179
\c@section=\count180
\c@subsection=\count181
\c@subsubsection=\count182
\c@paragraph=\count183
\c@subparagraph=\count184
\c@figure=\count185
\c@table=\count186
\abovecaptionskip=\skip47
\belowcaptionskip=\skip48
\bibindent=\dimen138
) (./koalatex.sty
Package: koalatex 
(/usr/local/texlive/2021basic/texmf-dist/tex/generic/babel/babel.sty
Package: babel 2021/03/24 3.56 The Babel package
(/usr/local/texlive/2021basic/texmf-dist/tex/generic/babel/babel.def
File: babel.def 2021/03/24 3.56 Babel common definitions
\babel@savecnt=\count187
\U@D=\dimen139
\l@babelnohyphens=\language23
(/usr/local/texlive/2021basic/texmf-dist/tex/generic/babel/txtbabel.def)
\bbl@readstream=\read2
)
\bbl@dirlevel=\count188
(/usr/local/texlive/2021basic/texmf-dist/tex/generic/babel-spanish/spanish.ldf
Language: spanish.ldf 2016/03/03 v5.0p Spanish support from the babel system
\es@quottoks=\toks15
\es@quotdepth=\count189
Package babel Info: Making " an active character on input line 561.
Package babel Info: Making . an active character on input line 662.
Package babel Info: Making < an active character on input line 707.
Package babel Info: Making > an active character on input line 707.
) (/usr/local/texlive/2021basic/texmf-dist/tex/generic/babel-galician/galician.ldf
Language: galician.ldf 2008/07/06 v4.3c Galician support from the babel system

Package babel Warning: No hyphenation patterns were preloaded for
(babel)                the language `Galician' into the format.
(babel)                Please, configure your TeX system to add them and
(babel)                rebuild the format. Now I will use the patterns
(babel)                preloaded for \language=0 instead on input line 60.

Package babel Info: \l@galician = using hyphenrules for english
(babel)             (\language0) on input line 61.
\gl@quottoks=\toks16
\gl@quotdepth=\count190
Package galician Info: Redefining quoting on input line 223.
Package babel Info: Redefining system shorthand .
(babel)             in language galician on input line 540.
)) (/usr/local/texlive/2021basic/texmf-dist/tex/latex/xcolor/xcolor.sty
Package: xcolor 2016/05/11 v2.12 LaTeX color extensions (UK)
(/usr/local/texlive/2021basic/texmf-dist/tex/latex/graphics-cfg/color.cfg
File: color.cfg 2016/01/02 v1.6 sample color configuration
)
Package xcolor Info: Driver file: pdftex.def on input line 225.
(/usr/local/texlive/2021basic/texmf-dist/tex/latex/graphics-def/pdftex.def
File: pdftex.def 2020/10/05 v1.2a Graphics/color driver for pdftex
)
Package xcolor Info: Model `cmy' substituted by `cmy0' on input line 1348.
Package xcolor Info: Model `hsb' substituted by `rgb' on input line 1352.
Package xcolor Info: Model `RGB' extended on input line 1364.
Package xcolor Info: Model `HTML' substituted by `rgb' on input line 1366.
Package xcolor Info: Model `Hsb' substituted by `hsb' on input line 1367.
Package xcolor Info: Model `tHsb' substituted by `hsb' on input line 1368.
Package xcolor Info: Model `HSB' substituted by `hsb' on input line 1369.
Package xcolor Info: Model `Gray' substituted by `gray' on input line 1370.
Package xcolor Info: Model `wave' substituted by `hsb' on input line 1371.
(/usr/local/texlive/2021basic/texmf-dist/tex/latex/graphics/dvipsnam.def
File: dvipsnam.def 2016/06/17 v3.0m Driver-dependent file (DPC,SPQR)
)) (/usr/local/texlive/2021basic/texmf-dist/tex/latex/colortbl/colortbl.sty
Package: colortbl 2020/01/04 v1.0e Color table columns (DPC)
(/usr/local/texlive/2021basic/texmf-dist/tex/latex/tools/array.sty
Package: array 2020/10/01 v2.5c Tabular extension package (FMi)
\col@sep=\dimen140
\ar@mcellbox=\box47
\extrarowheight=\dimen141
\NC@list=\toks17
\extratabsurround=\skip49
\backup@length=\skip50
\ar@cellbox=\box48
)
\everycr=\toks18
\minrowclearance=\skip51
) (/usr/local/texlive/2021basic/texmf-dist/tex/latex/geometry/geometry.sty
Package: geometry 2020/01/02 v5.9 Page Geometry
(/usr/local/texlive/2021basic/texmf-dist/tex/latex/graphics/keyval.sty
Package: keyval 2014/10/28 v1.15 key=value parser (DPC)
\KV@toks@=\toks19
) (/usr/local/texlive/2021basic/texmf-dist/tex/generic/iftex/ifvtex.sty
Package: ifvtex 2019/10/25 v1.7 ifvtex legacy package. Use iftex instead.
(/usr/local/texlive/2021basic/texmf-dist/tex/generic/iftex/iftex.sty
Package: iftex 2020/03/06 v1.0d TeX engine tests
))
\Gm@cnth=\count191
\Gm@cntv=\count192
\c@Gm@tempcnt=\count193
\Gm@bindingoffset=\dimen142
\Gm@wd@mp=\dimen143
\Gm@odd@mp=\dimen144
\Gm@even@mp=\dimen145
\Gm@layoutwidth=\dimen146
\Gm@layoutheight=\dimen147
\Gm@layouthoffset=\dimen148
\Gm@layoutvoffset=\dimen149
\Gm@dimlist=\toks20
) (/usr/local/texlive/2021basic/texmf-dist/tex/latex/float/float.sty
Package: float 2001/11/08 v1.3d Float enhancements (AL)
\c@float@type=\count194
\float@exts=\toks21
\float@box=\box49
\@float@everytoks=\toks22
\@floatcapt=\box50
) (/usr/local/texlive/2021basic/texmf-dist/tex/latex/adjustbox/adjustbox.sty
Package: adjustbox 2020/08/19 v1.3 Adjusting TeX boxes (trim, clip, ...)
(/usr/local/texlive/2021basic/texmf-dist/tex/latex/xkeyval/xkeyval.sty
Package: xkeyval 2020/11/20 v2.8 package option processing (HA)
(/usr/local/texlive/2021basic/texmf-dist/tex/generic/xkeyval/xkeyval.tex (/usr/local/texlive/2021basic/texmf-dist/tex/generic/xkeyval/xkvutils.tex
\XKV@toks=\toks23
\XKV@tempa@toks=\toks24
)
\XKV@depth=\count195
File: xkeyval.tex 2014/12/03 v2.7a key=value parser (HA)
)) (/usr/local/texlive/2021basic/texmf-dist/tex/latex/adjustbox/adjcalc.sty
Package: adjcalc 2012/05/16 v1.1 Provides advanced setlength with multiple back-ends (calc, etex, pgfmath)
) (/usr/local/texlive/2021basic/texmf-dist/tex/latex/adjustbox/trimclip.sty
Package: trimclip 2020/08/19 v1.2 Trim and clip general TeX material
(/usr/local/texlive/2021basic/texmf-dist/tex/latex/graphics/graphicx.sty
Package: graphicx 2020/09/09 v1.2b Enhanced LaTeX Graphics (DPC,SPQR)
(/usr/local/texlive/2021basic/texmf-dist/tex/latex/graphics/graphics.sty
Package: graphics 2020/08/30 v1.4c Standard LaTeX Graphics (DPC,SPQR)
(/usr/local/texlive/2021basic/texmf-dist/tex/latex/graphics/trig.sty
Package: trig 2016/01/03 v1.10 sin cos tan (DPC)
) (/usr/local/texlive/2021basic/texmf-dist/tex/latex/graphics-cfg/graphics.cfg
File: graphics.cfg 2016/06/04 v1.11 sample graphics configuration
)
Package graphics Info: Driver file: pdftex.def on input line 105.
)
\Gin@req@height=\dimen150
\Gin@req@width=\dimen151
) (/usr/local/texlive/2021basic/texmf-dist/tex/latex/collectbox/collectbox.sty
Package: collectbox 2012/05/17 v0.4b Collect macro arguments as boxes
\collectedbox=\box51
)
\tc@llx=\dimen152
\tc@lly=\dimen153
\tc@urx=\dimen154
\tc@ury=\dimen155
Package trimclip Info: Using driver 'tc-pdftex.def'.
(/usr/local/texlive/2021basic/texmf-dist/tex/latex/adjustbox/tc-pdftex.def
File: tc-pdftex.def 2019/01/04 v2.2 Clipping driver for pdftex
))
\adjbox@Width=\dimen156
\adjbox@Height=\dimen157
\adjbox@Depth=\dimen158
\adjbox@Totalheight=\dimen159
\adjbox@pwidth=\dimen160
\adjbox@pheight=\dimen161
\adjbox@pdepth=\dimen162
\adjbox@ptotalheight=\dimen163
) (/usr/local/texlive/2021basic/texmf-dist/tex/latex/mdframed/mdframed.sty
Package: mdframed 2013/07/01 1.9b: mdframed
(/usr/local/texlive/2021basic/texmf-dist/tex/latex/kvoptions/kvoptions.sty
Package: kvoptions 2020-10-07 v3.14 Key value format for package options (HO)
(/usr/local/texlive/2021basic/texmf-dist/tex/generic/ltxcmds/ltxcmds.sty
Package: ltxcmds 2020-05-10 v1.25 LaTeX kernel commands for general use (HO)
) (/usr/local/texlive/2021basic/texmf-dist/tex/generic/kvsetkeys/kvsetkeys.sty
Package: kvsetkeys 2019/12/15 v1.18 Key value parser (HO)
)) (/usr/local/texlive/2021basic/texmf-dist/tex/latex/l3packages/xparse/xparse.sty (/usr/local/texlive/2021basic/texmf-dist/tex/latex/l3kernel/expl3.sty
Package: expl3 2021-02-18 L3 programming layer (loader) 
(/usr/local/texlive/2021basic/texmf-dist/tex/latex/l3backend/l3backend-pdftex.def
File: l3backend-pdftex.def 2021-03-18 L3 backend support: PDF output (pdfTeX)
\l__color_backend_stack_int=\count196
\l__pdf_internal_box=\box52
)) (/usr/local/texlive/2021basic/texmf-dist/tex/latex/l3packages/xparse/xparse-2020-10-01.sty (/usr/local/texlive/2021basic/texmf-dist/tex/latex/l3packages/xparse/xparse-generic.tex))) (/usr/local/texlive/2021basic/texmf-dist/tex/latex/etoolbox/etoolbox.sty
Package: etoolbox 2020/10/05 v2.5k e-TeX tools for LaTeX (JAW)
\etb@tempcnta=\count197
) (/usr/local/texlive/2021basic/texmf-dist/tex/latex/zref/zref-abspage.sty
Package: zref-abspage 2020-07-03 v2.32 Module abspage for zref (HO)
(/usr/local/texlive/2021basic/texmf-dist/tex/latex/zref/zref-base.sty
Package: zref-base 2020-07-03 v2.32 Module base for zref (HO)
(/usr/local/texlive/2021basic/texmf-dist/tex/generic/infwarerr/infwarerr.sty
Package: infwarerr 2019/12/03 v1.5 Providing info/warning/error messages (HO)
) (/usr/local/texlive/2021basic/texmf-dist/tex/generic/kvdefinekeys/kvdefinekeys.sty
Package: kvdefinekeys 2019-12-19 v1.6 Define keys (HO)
) (/usr/local/texlive/2021basic/texmf-dist/tex/generic/pdftexcmds/pdftexcmds.sty
Package: pdftexcmds 2020-06-27 v0.33 Utility functions of pdfTeX for LuaTeX (HO)
Package pdftexcmds Info: \pdf@primitive is available.
Package pdftexcmds Info: \pdf@ifprimitive is available.
Package pdftexcmds Info: \pdfdraftmode found.
) (/usr/local/texlive/2021basic/texmf-dist/tex/generic/etexcmds/etexcmds.sty
Package: etexcmds 2019/12/15 v1.7 Avoid name clashes with e-TeX commands (HO)
) (/usr/local/texlive/2021basic/texmf-dist/tex/latex/auxhook/auxhook.sty
Package: auxhook 2019-12-17 v1.6 Hooks for auxiliary files (HO)
)
Package zref Info: New property list: main on input line 764.
Package zref Info: New property: default on input line 765.
Package zref Info: New property: page on input line 766.
) (/usr/local/texlive/2021basic/texmf-dist/tex/latex/base/atbegshi-ltx.sty
Package: atbegshi-ltx 2020/08/17 v1.0a Emulation of the original atbegshi package
with kernel methods
)
\c@abspage=\count198
Package zref Info: New property: abspage on input line 66.
) (/usr/local/texlive/2021basic/texmf-dist/tex/latex/needspace/needspace.sty
Package: needspace 2010/09/12 v1.3d reserve vertical space
)
\mdf@templength=\skip52
\c@mdf@globalstyle@cnt=\count199
\mdf@skipabove@length=\skip53
\mdf@skipbelow@length=\skip54
\mdf@leftmargin@length=\skip55
\mdf@rightmargin@length=\skip56
\mdf@innerleftmargin@length=\skip57
\mdf@innerrightmargin@length=\skip58
\mdf@innertopmargin@length=\skip59
\mdf@innerbottommargin@length=\skip60
\mdf@splittopskip@length=\skip61
\mdf@splitbottomskip@length=\skip62
\mdf@outermargin@length=\skip63
\mdf@innermargin@length=\skip64
\mdf@linewidth@length=\skip65
\mdf@innerlinewidth@length=\skip66
\mdf@middlelinewidth@length=\skip67
\mdf@outerlinewidth@length=\skip68
\mdf@roundcorner@length=\skip69
\mdf@footenotedistance@length=\skip70
\mdf@userdefinedwidth@length=\skip71
\mdf@needspace@length=\skip72
\mdf@frametitleaboveskip@length=\skip73
\mdf@frametitlebelowskip@length=\skip74
\mdf@frametitlerulewidth@length=\skip75
\mdf@frametitleleftmargin@length=\skip76
\mdf@frametitlerightmargin@length=\skip77
\mdf@shadowsize@length=\skip78
\mdf@extratopheight@length=\skip79
\mdf@subtitleabovelinewidth@length=\skip80
\mdf@subtitlebelowlinewidth@length=\skip81
\mdf@subtitleaboveskip@length=\skip82
\mdf@subtitlebelowskip@length=\skip83
\mdf@subtitleinneraboveskip@length=\skip84
\mdf@subtitleinnerbelowskip@length=\skip85
\mdf@subsubtitleabovelinewidth@length=\skip86
\mdf@subsubtitlebelowlinewidth@length=\skip87
\mdf@subsubtitleaboveskip@length=\skip88
\mdf@subsubtitlebelowskip@length=\skip89
\mdf@subsubtitleinneraboveskip@length=\skip90
\mdf@subsubtitleinnerbelowskip@length=\skip91
(/usr/local/texlive/2021basic/texmf-dist/tex/latex/mdframed/md-frame-0.mdf
File: md-frame-0.mdf 2013/07/01\ 1.9b: md-frame-0
)
\mdf@frametitlebox=\box53
\mdf@footnotebox=\box54
\mdf@splitbox@one=\box55
\mdf@splitbox@two=\box56
\mdf@splitbox@save=\box57
\mdfsplitboxwidth=\skip92
\mdfsplitboxtotalwidth=\skip93
\mdfsplitboxheight=\skip94
\mdfsplitboxdepth=\skip95
\mdfsplitboxtotalheight=\skip96
\mdfframetitleboxwidth=\skip97
\mdfframetitleboxtotalwidth=\skip98
\mdfframetitleboxheight=\skip99
\mdfframetitleboxdepth=\skip100
\mdfframetitleboxtotalheight=\skip101
\mdffootnoteboxwidth=\skip102
\mdffootnoteboxtotalwidth=\skip103
\mdffootnoteboxheight=\skip104
\mdffootnoteboxdepth=\skip105
\mdffootnoteboxtotalheight=\skip106
\mdftotallinewidth=\skip107
\mdfboundingboxwidth=\skip108
\mdfboundingboxtotalwidth=\skip109
\mdfboundingboxheight=\skip110
\mdfboundingboxdepth=\skip111
\mdfboundingboxtotalheight=\skip112
\mdf@freevspace@length=\skip113
\mdf@horizontalwidthofbox@length=\skip114
\mdf@verticalmarginwhole@length=\skip115
\mdf@horizontalspaceofbox=\skip116
\mdfsubtitleheight=\skip117
\mdfsubsubtitleheight=\skip118
\c@mdfcountframes=\count266

****** mdframed patching \endmdf@trivlist

****** -- success******

\mdf@envdepth=\count267
\c@mdf@env@i=\count268
\c@mdf@env@ii=\count269
\c@mdf@zref@counter=\count270
Package zref Info: New property: mdf@pagevalue on input line 895.
) (/usr/local/texlive/2021basic/texmf-dist/tex/latex/chngcntr/chngcntr.sty
Package: chngcntr 2018/04/09 v1.1a change counter resetting
Package chngcntr Info: \counterwithout already defined.
(chngcntr)             Quitting chngcntr on input line 21.
) (/usr/local/texlive/2021basic/texmf-dist/tex/latex/amsmath/amsmath.sty
Package: amsmath 2020/09/23 v2.17i AMS math features
\@mathmargin=\skip119
For additional information on amsmath, use the `?' option.
(/usr/local/texlive/2021basic/texmf-dist/tex/latex/amsmath/amstext.sty
Package: amstext 2000/06/29 v2.01 AMS text
(/usr/local/texlive/2021basic/texmf-dist/tex/latex/amsmath/amsgen.sty
File: amsgen.sty 1999/11/30 v2.0 generic functions
\@emptytoks=\toks25
\ex@=\dimen164
)) (/usr/local/texlive/2021basic/texmf-dist/tex/latex/amsmath/amsbsy.sty
Package: amsbsy 1999/11/29 v1.2d Bold Symbols
\pmbraise@=\dimen165
) (/usr/local/texlive/2021basic/texmf-dist/tex/latex/amsmath/amsopn.sty
Package: amsopn 2016/03/08 v2.02 operator names
)
\inf@bad=\count271
LaTeX Info: Redefining \frac on input line 234.
\uproot@=\count272
\leftroot@=\count273
LaTeX Info: Redefining \overline on input line 399.
\classnum@=\count274
\DOTSCASE@=\count275
LaTeX Info: Redefining \ldots on input line 496.
LaTeX Info: Redefining \dots on input line 499.
LaTeX Info: Redefining \cdots on input line 620.
\Mathstrutbox@=\box58
\strutbox@=\box59
\big@size=\dimen166
LaTeX Font Info:    Redeclaring font encoding OML on input line 743.
LaTeX Font Info:    Redeclaring font encoding OMS on input line 744.
\macc@depth=\count276
\c@MaxMatrixCols=\count277
\dotsspace@=\muskip16
\c@parentequation=\count278
\dspbrk@lvl=\count279
\tag@help=\toks26
\row@=\count280
\column@=\count281
\maxfields@=\count282
\andhelp@=\toks27
\eqnshift@=\dimen167
\alignsep@=\dimen168
\tagshift@=\dimen169
\tagwidth@=\dimen170
\totwidth@=\dimen171
\lineht@=\dimen172
\@envbody=\toks28
\multlinegap=\skip120
\multlinetaggap=\skip121
\mathdisplay@stack=\toks29
LaTeX Info: Redefining \[ on input line 2923.
LaTeX Info: Redefining \] on input line 2924.
) (/usr/local/texlive/2021basic/texmf-dist/tex/latex/amscls/amsthm.sty
Package: amsthm 2020/05/29 v2.20.6
\thm@style=\toks30
\thm@bodyfont=\toks31
\thm@headfont=\toks32
\thm@notefont=\toks33
\thm@headpunct=\toks34
\thm@preskip=\skip122
\thm@postskip=\skip123
\thm@headsep=\skip124
\dth@everypar=\toks35
) (/usr/local/texlive/2021basic/texmf-dist/tex/latex/hyperref/hyperref.sty
Package: hyperref 2021-02-27 v7.00k Hypertext links for LaTeX
(/usr/local/texlive/2021basic/texmf-dist/tex/generic/pdfescape/pdfescape.sty
Package: pdfescape 2019/12/09 v1.15 Implements pdfTeX's escape features (HO)
) (/usr/local/texlive/2021basic/texmf-dist/tex/latex/hycolor/hycolor.sty
Package: hycolor 2020-01-27 v1.10 Color options for hyperref/bookmark (HO)
) (/usr/local/texlive/2021basic/texmf-dist/tex/latex/letltxmacro/letltxmacro.sty
Package: letltxmacro 2019/12/03 v1.6 Let assignment for LaTeX macros (HO)
)
\@linkdim=\dimen173
\Hy@linkcounter=\count283
\Hy@pagecounter=\count284
(/usr/local/texlive/2021basic/texmf-dist/tex/latex/hyperref/pd1enc.def
File: pd1enc.def 2021-02-27 v7.00k Hyperref: PDFDocEncoding definition (HO)
Now handling font encoding PD1 ...
... no UTF-8 mapping file for font encoding PD1
) (/usr/local/texlive/2021basic/texmf-dist/tex/latex/hyperref/hyperref-langpatches.def
File: hyperref-langpatches.def 2021-02-27 v7.00k Hyperref: patches for babel languages
) (/usr/local/texlive/2021basic/texmf-dist/tex/generic/intcalc/intcalc.sty
Package: intcalc 2019/12/15 v1.3 Expandable calculations with integers (HO)
)
\Hy@SavedSpaceFactor=\count285
(/usr/local/texlive/2021basic/texmf-dist/tex/latex/hyperref/puenc.def
File: puenc.def 2021-02-27 v7.00k Hyperref: PDF Unicode definition (HO)
Now handling font encoding PU ...
... no UTF-8 mapping file for font encoding PU
)
Package hyperref Info: Hyper figures OFF on input line 4192.
Package hyperref Info: Link nesting OFF on input line 4197.
Package hyperref Info: Hyper index ON on input line 4200.
Package hyperref Info: Plain pages OFF on input line 4207.
Package hyperref Info: Backreferencing OFF on input line 4212.
Package hyperref Info: Implicit mode ON; LaTeX internals redefined.
Package hyperref Info: Bookmarks ON on input line 4445.
\c@Hy@tempcnt=\count286
(/usr/local/texlive/2021basic/texmf-dist/tex/latex/url/url.sty
\Urlmuskip=\muskip17
Package: url 2013/09/16  ver 3.4  Verb mode for urls, etc.
)
LaTeX Info: Redefining \url on input line 4804.
\XeTeXLinkMargin=\dimen174
(/usr/local/texlive/2021basic/texmf-dist/tex/generic/bitset/bitset.sty
Package: bitset 2019/12/09 v1.3 Handle bit-vector datatype (HO)
(/usr/local/texlive/2021basic/texmf-dist/tex/generic/bigintcalc/bigintcalc.sty
Package: bigintcalc 2019/12/15 v1.5 Expandable calculations on big integers (HO)
))
\Fld@menulength=\count287
\Field@Width=\dimen175
\Fld@charsize=\dimen176
Package hyperref Info: Hyper figures OFF on input line 6075.
Package hyperref Info: Link nesting OFF on input line 6080.
Package hyperref Info: Hyper index ON on input line 6083.
Package hyperref Info: backreferencing OFF on input line 6090.
Package hyperref Info: Link coloring OFF on input line 6095.
Package hyperref Info: Link coloring with OCG OFF on input line 6100.
Package hyperref Info: PDF/A mode OFF on input line 6105.
LaTeX Info: Redefining \ref on input line 6145.
LaTeX Info: Redefining \pageref on input line 6149.
\Hy@abspage=\count288
\c@Item=\count289
\c@Hfootnote=\count290
)
Package hyperref Info: Driver (autodetected): hpdftex.
(/usr/local/texlive/2021basic/texmf-dist/tex/latex/hyperref/hpdftex.def
File: hpdftex.def 2021-02-27 v7.00k Hyperref driver for pdfTeX
(/usr/local/texlive/2021basic/texmf-dist/tex/latex/base/atveryend-ltx.sty
Package: atveryend-ltx 2020/08/19 v1.0a Emulation of the original atvery package
with kernel methods
)
\HyAnn@Count=\count291
\Fld@listcount=\count292
\c@bookmark@seq@number=\count293
(/usr/local/texlive/2021basic/texmf-dist/tex/latex/rerunfilecheck/rerunfilecheck.sty
Package: rerunfilecheck 2019/12/05 v1.9 Rerun checks for auxiliary files (HO)
(/usr/local/texlive/2021basic/texmf-dist/tex/generic/uniquecounter/uniquecounter.sty
Package: uniquecounter 2019/12/15 v1.4 Provide unlimited unique counter (HO)
)
Package uniquecounter Info: New unique counter `rerunfilecheck' on input line 286.
)
\Hy@SectionHShift=\skip125
) (/usr/local/texlive/2021basic/texmf-dist/tex/latex/appendix/appendix.sty
Package: appendix 2020/02/08 v1.2c extra appendix facilities
\c@@pps=\count294
\c@@ppsavesec=\count295
\c@@ppsaveapp=\count296
) (/usr/local/texlive/2021basic/texmf-dist/tex/latex/siunitx/siunitx.sty
Package: siunitx 2021/03/27 v2.8c A comprehensive (SI) units package
(/usr/local/texlive/2021basic/texmf-dist/tex/latex/l3packages/l3keys2e/l3keys2e.sty
Package: l3keys2e 2021-03-12 LaTeX2e option processing using LaTeX3 keys
)
\l__siunitx_tmp_box=\box60
\l__siunitx_tmp_dim=\dimen177
\l__siunitx_tmp_int=\count297
\l__siunitx_number_mantissa_length_int=\count298
\l__siunitx_number_uncert_length_int=\count299
\l__siunitx_round_int=\count300
\l__siunitx_process_decimal_int=\count301
\l__siunitx_process_uncertainty_int=\count302
\l__siunitx_process_fixed_int=\count303
\l__siunitx_process_integer_min_int=\count304
\l__siunitx_process_precision_int=\count305
\l__siunitx_group_min_int=\count306
\l__siunitx_angle_marker_box=\box61
\l__siunitx_angle_unit_box=\box62
\l__siunitx_angle_marker_dim=\dimen178
\l__siunitx_angle_unit_dim=\dimen179
\l__siunitx_unit_int=\count307
\l__siunitx_unit_denominator_int=\count308
\l__siunitx_unit_numerator_int=\count309
\l__siunitx_unit_prefix_int=\count310
\l__siunitx_unit_prefix_base_int=\count311
\l__siunitx_unit_prefix_gram_int=\count312
\l__siunitx_number_product_int=\count313
\c__siunitx_one_fill_skip=\skip126
\l__siunitx_table_unit_align_skip=\skip127
\l__siunitx_table_exponent_dim=\dimen180
\l__siunitx_table_integer_dim=\dimen181
\l__siunitx_table_mantissa_dim=\dimen182
\l__siunitx_table_marker_dim=\dimen183
\l__siunitx_table_result_dim=\dimen184
\l__siunitx_table_uncert_dim=\dimen185
\l__siunitx_table_fill_pre_dim=\dimen186
\l__siunitx_table_fill_post_dim=\dimen187
\l__siunitx_table_fill_mid_dim=\dimen188
\l__siunitx_table_pre_box=\box63
\l__siunitx_table_post_box=\box64
\l__siunitx_table_mantissa_box=\box65
\l__siunitx_table_result_box=\box66
\l__siunitx_table_number_align_skip=\skip128
\l__siunitx_table_text_align_skip=\skip129
(/usr/local/texlive/2021basic/texmf-dist/tex/latex/translator/translator.sty
Package: translator 2020-08-03 v1.12c Easy translation of strings in LaTeX
)) (/usr/local/texlive/2021basic/texmf-dist/tex/latex/subfiles/subfiles.sty
Package: subfiles 2020/11/14 v2.2 Multi-file projects (package)
(/usr/local/texlive/2021basic/texmf-dist/tex/latex/import/import.sty
Package: import 2020/04/01  v 6.2
))
Package hyperref Info: Option `colorlinks' set `true' on input line 86.
\c@theorem=\count314
) (./koalatex-tablas.sty
Package: koalatex-tablas 
(/usr/local/texlive/2021basic/texmf-dist/tex/latex/csvsimple/csvsimple.sty
Package: csvsimple 2019/04/09 version 1.21 LaTeX CSV file processing
(/usr/local/texlive/2021basic/texmf-dist/tex/latex/pgf/utilities/pgfrcs.sty (/usr/local/texlive/2021basic/texmf-dist/tex/generic/pgf/utilities/pgfutil-common.tex
\pgfutil@everybye=\toks36
\pgfutil@tempdima=\dimen189
\pgfutil@tempdimb=\dimen190
(/usr/local/texlive/2021basic/texmf-dist/tex/generic/pgf/utilities/pgfutil-common-lists.tex)) (/usr/local/texlive/2021basic/texmf-dist/tex/generic/pgf/utilities/pgfutil-latex.def
\pgfutil@abb=\box67
) (/usr/local/texlive/2021basic/texmf-dist/tex/generic/pgf/utilities/pgfrcs.code.tex (/usr/local/texlive/2021basic/texmf-dist/tex/generic/pgf/pgf.revision.tex)
Package: pgfrcs 2020/12/27 v3.1.8b (3.1.8b)
)) (/usr/local/texlive/2021basic/texmf-dist/tex/latex/pgf/utilities/pgfkeys.sty (/usr/local/texlive/2021basic/texmf-dist/tex/generic/pgf/utilities/pgfkeys.code.tex
\pgfkeys@pathtoks=\toks37
\pgfkeys@temptoks=\toks38
(/usr/local/texlive/2021basic/texmf-dist/tex/generic/pgf/utilities/pgfkeysfiltered.code.tex
\pgfkeys@tmptoks=\toks39
))) (/usr/local/texlive/2021basic/texmf-dist/tex/latex/base/ifthen.sty
Package: ifthen 2014/09/29 v1.1c Standard LaTeX ifthen package (DPC)
) (/usr/local/texlive/2021basic/texmf-dist/tex/latex/tools/shellesc.sty
Package: shellesc 2019/11/08 v1.0c unified shell escape interface for LaTeX
Package shellesc Info: Unrestricted shell escape enabled on input line 75.
)
\csv@file=\read3
\c@csvinputline=\count315
\c@csvrow=\count316
\c@csvcol=\count317
\csv@out=\write3
)) (./koalatex-graficas.sty
Package: koalatex-graficas 
(/usr/local/texlive/2021basic/texmf-dist/tex/latex/pgf/frontendlayer/tikz.sty (/usr/local/texlive/2021basic/texmf-dist/tex/latex/pgf/basiclayer/pgf.sty
Package: pgf 2020/12/27 v3.1.8b (3.1.8b)
(/usr/local/texlive/2021basic/texmf-dist/tex/latex/pgf/basiclayer/pgfcore.sty (/usr/local/texlive/2021basic/texmf-dist/tex/latex/pgf/systemlayer/pgfsys.sty (/usr/local/texlive/2021basic/texmf-dist/tex/generic/pgf/systemlayer/pgfsys.code.tex
Package: pgfsys 2020/12/27 v3.1.8b (3.1.8b)
(/usr/local/texlive/2021basic/texmf-dist/tex/generic/pgf/utilities/pgfkeys.code.tex)
\pgf@x=\dimen191
\pgf@y=\dimen192
\pgf@xa=\dimen193
\pgf@ya=\dimen194
\pgf@xb=\dimen195
\pgf@yb=\dimen196
\pgf@xc=\dimen197
\pgf@yc=\dimen198
\pgf@xd=\dimen199
\pgf@yd=\dimen256
\w@pgf@writea=\write4
\r@pgf@reada=\read4
\c@pgf@counta=\count318
\c@pgf@countb=\count319
\c@pgf@countc=\count320
\c@pgf@countd=\count321
\t@pgf@toka=\toks40
\t@pgf@tokb=\toks41
\t@pgf@tokc=\toks42
\pgf@sys@id@count=\count322
(/usr/local/texlive/2021basic/texmf-dist/tex/generic/pgf/systemlayer/pgf.cfg
File: pgf.cfg 2020/12/27 v3.1.8b (3.1.8b)
)
Driver file for pgf: pgfsys-pdftex.def
(/usr/local/texlive/2021basic/texmf-dist/tex/generic/pgf/systemlayer/pgfsys-pdftex.def
File: pgfsys-pdftex.def 2020/12/27 v3.1.8b (3.1.8b)
(/usr/local/texlive/2021basic/texmf-dist/tex/generic/pgf/systemlayer/pgfsys-common-pdf.def
File: pgfsys-common-pdf.def 2020/12/27 v3.1.8b (3.1.8b)
))) (/usr/local/texlive/2021basic/texmf-dist/tex/generic/pgf/systemlayer/pgfsyssoftpath.code.tex
File: pgfsyssoftpath.code.tex 2020/12/27 v3.1.8b (3.1.8b)
\pgfsyssoftpath@smallbuffer@items=\count323
\pgfsyssoftpath@bigbuffer@items=\count324
) (/usr/local/texlive/2021basic/texmf-dist/tex/generic/pgf/systemlayer/pgfsysprotocol.code.tex
File: pgfsysprotocol.code.tex 2020/12/27 v3.1.8b (3.1.8b)
)) (/usr/local/texlive/2021basic/texmf-dist/tex/generic/pgf/basiclayer/pgfcore.code.tex
Package: pgfcore 2020/12/27 v3.1.8b (3.1.8b)
(/usr/local/texlive/2021basic/texmf-dist/tex/generic/pgf/math/pgfmath.code.tex (/usr/local/texlive/2021basic/texmf-dist/tex/generic/pgf/math/pgfmathcalc.code.tex (/usr/local/texlive/2021basic/texmf-dist/tex/generic/pgf/math/pgfmathutil.code.tex) (/usr/local/texlive/2021basic/texmf-dist/tex/generic/pgf/math/pgfmathparser.code.tex
\pgfmath@dimen=\dimen257
\pgfmath@count=\count325
\pgfmath@box=\box68
\pgfmath@toks=\toks43
\pgfmath@stack@operand=\toks44
\pgfmath@stack@operation=\toks45
) (/usr/local/texlive/2021basic/texmf-dist/tex/generic/pgf/math/pgfmathfunctions.code.tex (/usr/local/texlive/2021basic/texmf-dist/tex/generic/pgf/math/pgfmathfunctions.basic.code.tex) (/usr/local/texlive/2021basic/texmf-dist/tex/generic/pgf/math/pgfmathfunctions.trigonometric.code.tex) (/usr/local/texlive/2021basic/texmf-dist/tex/generic/pgf/math/pgfmathfunctions.random.code.tex) (/usr/local/texlive/2021basic/texmf-dist/tex/generic/pgf/math/pgfmathfunctions.comparison.code.tex) (/usr/local/texlive/2021basic/texmf-dist/tex/generic/pgf/math/pgfmathfunctions.base.code.tex) (/usr/local/texlive/2021basic/texmf-dist/tex/generic/pgf/math/pgfmathfunctions.round.code.tex) (/usr/local/texlive/2021basic/texmf-dist/tex/generic/pgf/math/pgfmathfunctions.misc.code.tex) (/usr/local/texlive/2021basic/texmf-dist/tex/generic/pgf/math/pgfmathfunctions.integerarithmetics.code.tex))) (/usr/local/texlive/2021basic/texmf-dist/tex/generic/pgf/math/pgfmathfloat.code.tex
\c@pgfmathroundto@lastzeros=\count326
)) (/usr/local/texlive/2021basic/texmf-dist/tex/generic/pgf/math/pgfint.code.tex) (/usr/local/texlive/2021basic/texmf-dist/tex/generic/pgf/basiclayer/pgfcorepoints.code.tex
File: pgfcorepoints.code.tex 2020/12/27 v3.1.8b (3.1.8b)
\pgf@picminx=\dimen258
\pgf@picmaxx=\dimen259
\pgf@picminy=\dimen260
\pgf@picmaxy=\dimen261
\pgf@pathminx=\dimen262
\pgf@pathmaxx=\dimen263
\pgf@pathminy=\dimen264
\pgf@pathmaxy=\dimen265
\pgf@xx=\dimen266
\pgf@xy=\dimen267
\pgf@yx=\dimen268
\pgf@yy=\dimen269
\pgf@zx=\dimen270
\pgf@zy=\dimen271
) (/usr/local/texlive/2021basic/texmf-dist/tex/generic/pgf/basiclayer/pgfcorepathconstruct.code.tex
File: pgfcorepathconstruct.code.tex 2020/12/27 v3.1.8b (3.1.8b)
\pgf@path@lastx=\dimen272
\pgf@path@lasty=\dimen273
) (/usr/local/texlive/2021basic/texmf-dist/tex/generic/pgf/basiclayer/pgfcorepathusage.code.tex
File: pgfcorepathusage.code.tex 2020/12/27 v3.1.8b (3.1.8b)
\pgf@shorten@end@additional=\dimen274
\pgf@shorten@start@additional=\dimen275
) (/usr/local/texlive/2021basic/texmf-dist/tex/generic/pgf/basiclayer/pgfcorescopes.code.tex
File: pgfcorescopes.code.tex 2020/12/27 v3.1.8b (3.1.8b)
\pgfpic=\box69
\pgf@hbox=\box70
\pgf@layerbox@main=\box71
\pgf@picture@serial@count=\count327
) (/usr/local/texlive/2021basic/texmf-dist/tex/generic/pgf/basiclayer/pgfcoregraphicstate.code.tex
File: pgfcoregraphicstate.code.tex 2020/12/27 v3.1.8b (3.1.8b)
\pgflinewidth=\dimen276
) (/usr/local/texlive/2021basic/texmf-dist/tex/generic/pgf/basiclayer/pgfcoretransformations.code.tex
File: pgfcoretransformations.code.tex 2020/12/27 v3.1.8b (3.1.8b)
\pgf@pt@x=\dimen277
\pgf@pt@y=\dimen278
\pgf@pt@temp=\dimen279
) (/usr/local/texlive/2021basic/texmf-dist/tex/generic/pgf/basiclayer/pgfcorequick.code.tex
File: pgfcorequick.code.tex 2020/12/27 v3.1.8b (3.1.8b)
) (/usr/local/texlive/2021basic/texmf-dist/tex/generic/pgf/basiclayer/pgfcoreobjects.code.tex
File: pgfcoreobjects.code.tex 2020/12/27 v3.1.8b (3.1.8b)
) (/usr/local/texlive/2021basic/texmf-dist/tex/generic/pgf/basiclayer/pgfcorepathprocessing.code.tex
File: pgfcorepathprocessing.code.tex 2020/12/27 v3.1.8b (3.1.8b)
) (/usr/local/texlive/2021basic/texmf-dist/tex/generic/pgf/basiclayer/pgfcorearrows.code.tex
File: pgfcorearrows.code.tex 2020/12/27 v3.1.8b (3.1.8b)
\pgfarrowsep=\dimen280
) (/usr/local/texlive/2021basic/texmf-dist/tex/generic/pgf/basiclayer/pgfcoreshade.code.tex
File: pgfcoreshade.code.tex 2020/12/27 v3.1.8b (3.1.8b)
\pgf@max=\dimen281
\pgf@sys@shading@range@num=\count328
\pgf@shadingcount=\count329
) (/usr/local/texlive/2021basic/texmf-dist/tex/generic/pgf/basiclayer/pgfcoreimage.code.tex
File: pgfcoreimage.code.tex 2020/12/27 v3.1.8b (3.1.8b)
(/usr/local/texlive/2021basic/texmf-dist/tex/generic/pgf/basiclayer/pgfcoreexternal.code.tex
File: pgfcoreexternal.code.tex 2020/12/27 v3.1.8b (3.1.8b)
\pgfexternal@startupbox=\box72
)) (/usr/local/texlive/2021basic/texmf-dist/tex/generic/pgf/basiclayer/pgfcorelayers.code.tex
File: pgfcorelayers.code.tex 2020/12/27 v3.1.8b (3.1.8b)
) (/usr/local/texlive/2021basic/texmf-dist/tex/generic/pgf/basiclayer/pgfcoretransparency.code.tex
File: pgfcoretransparency.code.tex 2020/12/27 v3.1.8b (3.1.8b)
) (/usr/local/texlive/2021basic/texmf-dist/tex/generic/pgf/basiclayer/pgfcorepatterns.code.tex
File: pgfcorepatterns.code.tex 2020/12/27 v3.1.8b (3.1.8b)
) (/usr/local/texlive/2021basic/texmf-dist/tex/generic/pgf/basiclayer/pgfcorerdf.code.tex
File: pgfcorerdf.code.tex 2020/12/27 v3.1.8b (3.1.8b)
))) (/usr/local/texlive/2021basic/texmf-dist/tex/generic/pgf/modules/pgfmoduleshapes.code.tex
File: pgfmoduleshapes.code.tex 2020/12/27 v3.1.8b (3.1.8b)
\pgfnodeparttextbox=\box73
) (/usr/local/texlive/2021basic/texmf-dist/tex/generic/pgf/modules/pgfmoduleplot.code.tex
File: pgfmoduleplot.code.tex 2020/12/27 v3.1.8b (3.1.8b)
) (/usr/local/texlive/2021basic/texmf-dist/tex/latex/pgf/compatibility/pgfcomp-version-0-65.sty
Package: pgfcomp-version-0-65 2020/12/27 v3.1.8b (3.1.8b)
\pgf@nodesepstart=\dimen282
\pgf@nodesepend=\dimen283
) (/usr/local/texlive/2021basic/texmf-dist/tex/latex/pgf/compatibility/pgfcomp-version-1-18.sty
Package: pgfcomp-version-1-18 2020/12/27 v3.1.8b (3.1.8b)
)) (/usr/local/texlive/2021basic/texmf-dist/tex/latex/pgf/utilities/pgffor.sty (/usr/local/texlive/2021basic/texmf-dist/tex/latex/pgf/math/pgfmath.sty (/usr/local/texlive/2021basic/texmf-dist/tex/generic/pgf/math/pgfmath.code.tex)) (/usr/local/texlive/2021basic/texmf-dist/tex/generic/pgf/utilities/pgffor.code.tex
Package: pgffor 2020/12/27 v3.1.8b (3.1.8b)
(/usr/local/texlive/2021basic/texmf-dist/tex/generic/pgf/math/pgfmath.code.tex)
\pgffor@iter=\dimen284
\pgffor@skip=\dimen285
\pgffor@stack=\toks46
\pgffor@toks=\toks47
)) (/usr/local/texlive/2021basic/texmf-dist/tex/generic/pgf/frontendlayer/tikz/tikz.code.tex
Package: tikz 2020/12/27 v3.1.8b (3.1.8b)
(/usr/local/texlive/2021basic/texmf-dist/tex/generic/pgf/libraries/pgflibraryplothandlers.code.tex
File: pgflibraryplothandlers.code.tex 2020/12/27 v3.1.8b (3.1.8b)
\pgf@plot@mark@count=\count330
\pgfplotmarksize=\dimen286
)
\tikz@lastx=\dimen287
\tikz@lasty=\dimen288
\tikz@lastxsaved=\dimen289
\tikz@lastysaved=\dimen290
\tikz@lastmovetox=\dimen291
\tikz@lastmovetoy=\dimen292
\tikzleveldistance=\dimen293
\tikzsiblingdistance=\dimen294
\tikz@figbox=\box74
\tikz@figbox@bg=\box75
\tikz@tempbox=\box76
\tikz@tempbox@bg=\box77
\tikztreelevel=\count331
\tikznumberofchildren=\count332
\tikznumberofcurrentchild=\count333
\tikz@fig@count=\count334
(/usr/local/texlive/2021basic/texmf-dist/tex/generic/pgf/modules/pgfmodulematrix.code.tex
File: pgfmodulematrix.code.tex 2020/12/27 v3.1.8b (3.1.8b)
\pgfmatrixcurrentrow=\count335
\pgfmatrixcurrentcolumn=\count336
\pgf@matrix@numberofcolumns=\count337
)
\tikz@expandcount=\count338
(/usr/local/texlive/2021basic/texmf-dist/tex/generic/pgf/frontendlayer/tikz/libraries/tikzlibrarytopaths.code.tex
File: tikzlibrarytopaths.code.tex 2020/12/27 v3.1.8b (3.1.8b)
))) (/usr/local/texlive/2021basic/texmf-dist/tex/latex/caption/caption.sty
Package: caption 2020/10/26 v3.5g Customizing captions (AR)
(/usr/local/texlive/2021basic/texmf-dist/tex/latex/caption/caption3.sty
Package: caption3 2020/10/21 v2.2e caption3 kernel (AR)
\captionmargin=\dimen295
\captionmargin@=\dimen296
\captionwidth=\dimen297
\caption@tempdima=\dimen298
\caption@indent=\dimen299
\caption@parindent=\dimen300
\caption@hangindent=\dimen301
Package caption Info: Standard document class detected.
)
\c@caption@flags=\count339
\c@continuedfloat=\count340
Package caption Info: float package is loaded.
Package caption Info: hyperref package is loaded.
) (/usr/local/texlive/2021basic/texmf-dist/tex/latex/pgf/frontendlayer/libraries/tikzlibraryexternal.code.tex (/usr/local/texlive/2021basic/texmf-dist/tex/generic/pgf/frontendlayer/tikz/libraries/tikzexternalshared.code.tex))
No auxiliary output files.

\w@pgfexternal@auxout=\write5
Package TikZ externalization: calling \geometry{driver=none} during externalization.

) (./koalatex-extra.sty
Package: koalatex-extra 
(/usr/local/texlive/2021basic/texmf-dist/tex/latex/circuitikz/circuitikz.sty
Package: circuitikz 2021/03/14{} The CircuiTikz circuit drawing package version 1.3.2
(/usr/local/texlive/2021basic/texmf-dist/tex/generic/pgf/frontendlayer/tikz/libraries/tikzlibrarycalc.code.tex
File: tikzlibrarycalc.code.tex 2020/12/27 v3.1.8b (3.1.8b)
) (/usr/local/texlive/2021basic/texmf-dist/tex/generic/pgf/libraries/pgflibraryarrows.meta.code.tex
File: pgflibraryarrows.meta.code.tex 2020/12/27 v3.1.8b (3.1.8b)
\pgfarrowinset=\dimen302
\pgfarrowlength=\dimen303
\pgfarrowwidth=\dimen304
\pgfarrowlinewidth=\dimen305
) (/usr/local/texlive/2021basic/texmf-dist/tex/generic/pgf/frontendlayer/tikz/libraries/tikzlibrarybending.code.tex
File: tikzlibrarybending.code.tex 2020/12/27 v3.1.8b (3.1.8b)
(/usr/local/texlive/2021basic/texmf-dist/tex/generic/pgf/modules/pgfmodulebending.code.tex
File: pgfmodulebending.code.tex 2020/12/27 v3.1.8b (3.1.8b)
(/usr/local/texlive/2021basic/texmf-dist/tex/generic/pgf/modules/pgfmodulenonlineartransformations.code.tex
File: pgfmodulenonlineartransformations.code.tex 2020/12/27 v3.1.8b (3.1.8b)
\pgftransformnonlinearflatness=\dimen306
) (/usr/local/texlive/2021basic/texmf-dist/tex/generic/pgf/libraries/pgflibrarycurvilinear.code.tex
File: pgflibrarycurvilinear.code.tex 2020/12/27 v3.1.8b (3.1.8b)
\pgf@curvilinear@time@a=\dimen307
\pgf@curvilinear@length@a=\dimen308
\pgf@curvilinear@length@b=\dimen309
\pgf@curvilinear@length@c=\dimen310
\pgf@curvilinear@length@d=\dimen311
)
\pgf@arrows@the@rigidity=\dimen312
)) (/usr/local/texlive/2021basic/texmf-dist/tex/generic/pgf/frontendlayer/tikz/libraries/tikzlibraryfpu.code.tex (/usr/local/texlive/2021basic/texmf-dist/tex/generic/pgf/libraries/pgflibraryfpu.code.tex)) (/usr/local/texlive/2021basic/texmf-dist/tex/generic/circuitikz/pgfcirc.defines.tex
\pgf@circ@count@a=\count341
\pgf@circ@count@b=\count342
\pgf@circ@count@c=\count343
\pgf@circ@res@up=\dimen313
\pgf@circ@res@down=\dimen314
\pgf@circ@res@zero=\dimen315
\pgf@circ@res@left=\dimen316
\pgf@circ@res@right=\dimen317
\pgf@circ@res@other=\dimen318
\pgf@circ@res@step=\dimen319
\pgf@circ@res@temp=\dimen320
\pgf@circ@Rlen=\dimen321
\pgf@circ@scaled@Rlen=\dimen322
\pgfstartlinewidth=\dimen323
) (/usr/local/texlive/2021basic/texmf-dist/tex/generic/circuitikz/pgfcircutils.tex) (/usr/local/texlive/2021basic/texmf-dist/tex/generic/circuitikz/pgfcircpath.tex) (/usr/local/texlive/2021basic/texmf-dist/tex/generic/circuitikz/pgfcircshapes.tex) (/usr/local/texlive/2021basic/texmf-dist/tex/generic/circuitikz/pgfcircmonopoles.tex) (/usr/local/texlive/2021basic/texmf-dist/tex/generic/circuitikz/pgfcircbipoles.tex) (/usr/local/texlive/2021basic/texmf-dist/tex/generic/circuitikz/pgfcirctripoles.tex
\pgf@circ@res@count=\count344
) (/usr/local/texlive/2021basic/texmf-dist/tex/generic/circuitikz/pgfcircquadpoles.tex) (/usr/local/texlive/2021basic/texmf-dist/tex/generic/circuitikz/pgfcircmultipoles.tex) (/usr/local/texlive/2021basic/texmf-dist/tex/generic/circuitikz/pgfcirclabel.tex) (/usr/local/texlive/2021basic/texmf-dist/tex/generic/circuitikz/pgfcircvoltage.tex
\pgfcirc@labelshift=\dimen324
) (/usr/local/texlive/2021basic/texmf-dist/tex/generic/circuitikz/pgfcirccurrent.tex) (/usr/local/texlive/2021basic/texmf-dist/tex/generic/circuitikz/pgfcircflow.tex) (/usr/local/texlive/2021basic/texmf-dist/tex/generic/xstring/xstring.sty (/usr/local/texlive/2021basic/texmf-dist/tex/generic/xstring/xstring.tex
\integerpart=\count345
\decimalpart=\count346
)
Package: xstring 2019/02/06 v1.83 String manipulations (CT)
)) (/usr/local/texlive/2021basic/texmf-dist/tex/latex/minted/minted.sty
Package: minted 2017/07/19 v2.5 Yet another Pygments shim for LaTeX
(/usr/local/texlive/2021basic/texmf-dist/tex/latex/fvextra/fvextra.sty
Package: fvextra 2019/02/04 v1.4 fvextra - extensions and patches for fancyvrb
(/usr/local/texlive/2021basic/texmf-dist/tex/latex/fancyvrb/fancyvrb.sty
Package: fancyvrb 2021/01/20 v3.7 verbatim text (tvz,hv)
\FV@CodeLineNo=\count347
\FV@InFile=\read5
\FV@TabBox=\box78
\c@FancyVerbLine=\count348
\FV@StepNumber=\count349
\FV@OutFile=\write6
) (/usr/local/texlive/2021basic/texmf-dist/tex/latex/upquote/upquote.sty
Package: upquote 2012/04/19 v1.3 upright-quote and grave-accent glyphs in verbatim
) (/usr/local/texlive/2021basic/texmf-dist/tex/latex/lineno/lineno.sty
Package: lineno 2005/11/02 line numbers on paragraphs v4.41
\linenopenalty=\count350
\output=\toks48
\linenoprevgraf=\count351
\linenumbersep=\dimen325
\linenumberwidth=\dimen326
\c@linenumber=\count352
\c@pagewiselinenumber=\count353
\c@LN@truepage=\count354
\c@internallinenumber=\count355
\c@internallinenumbers=\count356
\quotelinenumbersep=\dimen327
\bframerule=\dimen328
\bframesep=\dimen329
\bframebox=\box79
LaTeX Info: Redefining \\ on input line 3056.
)
\c@FV@TrueTabGroupLevel=\count357
\c@FV@TrueTabCounter=\count358
\FV@TabBox@Group=\box80
\FV@TmpLength=\skip130
\c@FV@HighlightLinesStart=\count359
\c@FV@HighlightLinesStop=\count360
\FV@LoopCount=\count361
\FV@NCharsBox=\box81
\FV@BreakIndent=\dimen330
\FV@BreakIndentNChars=\count362
\FV@BreakSymbolSepLeft=\dimen331
\FV@BreakSymbolSepLeftNChars=\count363
\FV@BreakSymbolSepRight=\dimen332
\FV@BreakSymbolSepRightNChars=\count364
\FV@BreakSymbolIndentLeft=\dimen333
\FV@BreakSymbolIndentLeftNChars=\count365
\FV@BreakSymbolIndentRight=\dimen334
\FV@BreakSymbolIndentRightNChars=\count366
\c@FancyVerbLineBreakLast=\count367
\FV@LineBox=\box82
\FV@LineIndentBox=\box83
\FV@LineWidth=\dimen335
) (/usr/local/texlive/2021basic/texmf-dist/tex/latex/tools/calc.sty
Package: calc 2017/05/25 v4.3 Infix arithmetic (KKT,FJ)
\calc@Acount=\count368
\calc@Bcount=\count369
\calc@Adimen=\dimen336
\calc@Bdimen=\dimen337
\calc@Askip=\skip131
\calc@Bskip=\skip132
LaTeX Info: Redefining \setlength on input line 80.
LaTeX Info: Redefining \addtolength on input line 81.
\calc@Ccount=\count370
\calc@Cskip=\skip133
) (/usr/local/texlive/2021basic/texmf-dist/tex/latex/ifplatform/ifplatform.sty
Package: ifplatform 2017/10/13 v0.4a Testing for the operating system
(/usr/local/texlive/2021basic/texmf-dist/tex/generic/catchfile/catchfile.sty
Package: catchfile 2019/12/09 v1.8 Catch the contents of a file (HO)
) (/usr/local/texlive/2021basic/texmf-dist/tex/generic/iftex/ifluatex.sty
Package: ifluatex 2019/10/25 v1.5 ifluatex legacy package. Use iftex instead.
)
runsystem(uname -s > "tikz/main-figure0.w18")...executed.

(./tikz/main-figure0.w18)
runsystem(rm -- "tikz/main-figure0.w18")...executed.

) (/usr/local/texlive/2021basic/texmf-dist/tex/latex/framed/framed.sty
Package: framed 2011/10/22 v 0.96: framed or shaded text with page breaks
\OuterFrameSep=\skip134
\fb@frw=\dimen338
\fb@frh=\dimen339
\FrameRule=\dimen340
\FrameSep=\dimen341
)
\minted@appexistsfile=\read6
\minted@bgbox=\box84
\minted@code=\write7
\c@minted@FancyVerbLineTemp=\count371
\c@minted@pygmentizecounter=\count372
\@float@every@listing=\toks49
\c@listing=\count373
))
No file tikz/main-figure0.aux.
LaTeX Font Info:    Checking defaults for OML/cmm/m/it on input line 16.
LaTeX Font Info:    ... okay on input line 16.
LaTeX Font Info:    Checking defaults for OMS/cmsy/m/n on input line 16.
LaTeX Font Info:    ... okay on input line 16.
LaTeX Font Info:    Checking defaults for OT1/cmr/m/n on input line 16.
LaTeX Font Info:    ... okay on input line 16.
LaTeX Font Info:    Checking defaults for T1/cmr/m/n on input line 16.
LaTeX Font Info:    ... okay on input line 16.
LaTeX Font Info:    Checking defaults for TS1/cmr/m/n on input line 16.
LaTeX Font Info:    ... okay on input line 16.
LaTeX Font Info:    Checking defaults for OMX/cmex/m/n on input line 16.
LaTeX Font Info:    ... okay on input line 16.
LaTeX Font Info:    Checking defaults for U/cmr/m/n on input line 16.
LaTeX Font Info:    ... okay on input line 16.
LaTeX Font Info:    Checking defaults for PD1/pdf/m/n on input line 16.
LaTeX Font Info:    ... okay on input line 16.
LaTeX Font Info:    Checking defaults for PU/pdf/m/n on input line 16.
LaTeX Font Info:    ... okay on input line 16.
(/usr/local/texlive/2021basic/texmf-dist/tex/context/base/mkii/supp-pdf.mkii
[Loading MPS to PDF converter (version 2006.09.02).]
\scratchcounter=\count374
\scratchdimen=\dimen342
\scratchbox=\box85
\nofMPsegments=\count375
\nofMParguments=\count376
\everyMPshowfont=\toks50
\MPscratchCnt=\count377
\MPscratchDim=\dimen343
\MPnumerator=\count378
\makeMPintoPDFobject=\count379
\everyMPtoPDFconversion=\toks51
) (/usr/local/texlive/2021basic/texmf-dist/tex/latex/epstopdf-pkg/epstopdf-base.sty
Package: epstopdf-base 2020-01-24 v2.11 Base part for package epstopdf
Package epstopdf-base Info: Redefining graphics rule for `.eps' on input line 485.
(/usr/local/texlive/2021basic/texmf-dist/tex/latex/latexconfig/epstopdf-sys.cfg
File: epstopdf-sys.cfg 2010/07/13 v1.3 Configuration of (r)epstopdf for TeX Live
))
*geometry* detected driver: <none>
*geometry* verbose mode - [ preamble ] result:
* driver: \Gm@driver 
* paper: a4paper
* layout: <same size as paper>
* layoutoffset:(h,v)=(0.0pt,0.0pt)
* modes: 
* h-part:(L,W,R)=(71.13188pt, 455.24411pt, 71.13188pt)
* v-part:(T,H,B)=(71.13188pt, 702.78308pt, 71.13188pt)
* \paperwidth=597.50787pt
* \paperheight=845.04684pt
* \textwidth=455.24411pt
* \textheight=702.78308pt
* \oddsidemargin=-1.1381pt
* \evensidemargin=-1.1381pt
* \topmargin=-38.1381pt
* \headheight=12.0pt
* \headsep=25.0pt
* \topskip=12.0pt
* \footskip=30.0pt
* \marginparwidth=44.0pt
* \marginparsep=10.0pt
* \columnsep=10.0pt
* \skip\footins=10.8pt plus 4.0pt minus 2.0pt
* \hoffset=0.0pt
* \voffset=0.0pt
* \mag=1000
* \@twocolumnfalse
* \@twosidefalse
* \@mparswitchfalse
* \@reversemarginfalse
* (1in=72.27pt=25.4mm, 1cm=28.453pt)

Package hyperref Info: Link coloring ON on input line 16.
(/usr/local/texlive/2021basic/texmf-dist/tex/latex/hyperref/nameref.sty
Package: nameref 2021-04-02 v2.47 Cross-referencing by name of section
(/usr/local/texlive/2021basic/texmf-dist/tex/latex/refcount/refcount.sty
Package: refcount 2019/12/15 v3.6 Data extraction from label references (HO)
) (/usr/local/texlive/2021basic/texmf-dist/tex/generic/gettitlestring/gettitlestring.sty
Package: gettitlestring 2019/12/15 v1.6 Cleanup title references (HO)
)
\c@section@level=\count380
)
LaTeX Info: Redefining \ref on input line 16.
LaTeX Info: Redefining \pageref on input line 16.
LaTeX Info: Redefining \nameref on input line 16.
(/usr/local/texlive/2021basic/texmf-dist/tex/latex/siunitx/siunitx-abbreviations.cfg
File: siunitx-abbreviations.cfg 2017/11/26 v2.7k siunitx: Abbreviated units
) (/usr/local/texlive/2021basic/texmf-dist/tex/latex/translator/translator-basic-dictionary-English.dict
Dictionary: translator-basic-dictionary, Language: English 
)
Package caption Info: Begin \AtBeginDocument code.
Package caption Info: End \AtBeginDocument code.
Package mdframed Info: mdframed detected package amsthm 
 changed the theorem header of amsthm
(mdframed)              on input line 59.
Package mdframed Info: mdframed detected package amsthm 
 changed the theorem header of amsthm
(mdframed)              on input line 63.
Package mdframed Info: mdframed detected package amsthm 
 changed the theorem header of amsthm
(mdframed)              on input line 67.
Package mdframed Info: mdframed detected package amsthm 
 changed the theorem header of amsthm
(mdframed)              on input line 71.

LaTeX Warning: Citation `griffiths_2018' on page 3 undefined on input line 111.


LaTeX Warning: Reference `ec:test2' on page 3 undefined on input line 114.

Package mdframed Info: mdframed detected package amsthm 
 changed the theorem header of amsthm
(mdframed)              on input line 152.
(./graficas/test.pgf)
Package mdframed Info: mdframed inside float 
 mdframed uses option nobreak mdframed on input line 152.
Package mdframed Info: mdframed inside a box 
 mdframed uses option nobreak mdframed on input line 152.
Package mdframed Info: mdframed detected package amsthm 
 changed the theorem header of amsthm
(mdframed)              on input line 166.
LaTeX Font Info:    Font shape `OT1/cmtt/bx/n' in size <14.4> not available
(Font)              Font shape `OT1/cmtt/m/n' tried instead on input line 168.
Package mdframed Info: mdframed detected package amsthm 
 changed the theorem header of amsthm
(mdframed)              on input line 183.
Package mdframed Info: Not enough space on this page on input line 183.
Package mdframed Info: mdframed detected package amsthm 
 changed the theorem header of amsthm
(mdframed)              on input line 190.
Package mdframed Info: mdframed detected package amsthm 
 changed the theorem header of amsthm
(mdframed)              on input line 220.
\openout5 = `tikz/main-figure0.dpth'.

[5

\babel@aux{galician}{}
{/usr/local/texlive/2021basic/texmf-var/fonts/map/pdftex/updmap/pdftex.map}]
Package mdframed Info: mdframed inside float 
 mdframed uses option nobreak mdframed on input line 220.
Package mdframed Info: mdframed inside a box 
 mdframed uses option nobreak mdframed on input line 220.
Package mdframed Info: mdframed detected package amsthm 
 changed the theorem header of amsthm
(mdframed)              on input line 227.
The command '\includegraphics []{imaxes/test.jpg}' has been optimized away. Use '/tikz/external/optimize=false' to disable this.
Package mdframed Info: mdframed inside float 
 mdframed uses option nobreak mdframed on input line 227.
Package mdframed Info: mdframed inside a box 
 mdframed uses option nobreak mdframed on input line 227.
No file tikz/main-figure0.bbl.

LaTeX Warning: There were undefined references.

 ) 
Here is how much of TeX's memory you used:
 43871 strings out of 480445
 1007483 string characters out of 5892392
 1622339 words of memory out of 5000000
 60527 multiletter control sequences out of 15000+600000
 418713 words of font info for 82 fonts, out of 8000000 for 9000
 319 hyphenation exceptions out of 8191
 116i,13n,134p,627b,1359s stack positions out of 5000i,500n,10000p,200000b,80000s
</usr/local/texlive/2021basic/texmf-dist/fonts/type1/public/amsfonts/cm/cmr12.pfb>
Output written on tikz/main-figure0.pdf (1 page, 9602 bytes).
PDF statistics:
 20 PDF objects out of 1000 (max. 8388607)
 15 compressed objects within 1 object stream
 2 named destinations out of 1000 (max. 500000)
 13 words of extra memory for PDF output out of 10000 (max. 10000000)

